# JRE version: OpenJDK Runtime Environment Microsoft-12574423 (17.0.17+10) (build 17.0.17+10-LTS)
# Java VM: OpenJDK 64-Bit Server VM Microsoft-12574423 (17.0.17+10-LTS, mixed mode, emulated-client, sharing, tiered, compressed oops, compressed class ptrs, g1 gc, windows-amd64)
GC Precious Log:
 CPUs: 12 total, 12 available
 Memory: 7835M
 Large Page Support: Disabled
 NUMA Support: Disabled
 Compressed Oops: Enabled (32-bit)
 Heap Region Size: 1M
 Heap Min Capacity: 8M
 Heap Initial Capacity: 124M
 Heap Max Capacity: 1960M
 Pre-touch: Disabled
 Parallel Workers: 10
 Concurrent Workers: 3
 Concurrent Refinement Workers: 10
 Periodic GC: Disabled
Heap:
 garbage-first heap   total 160768K, used 104077K [0x0000000085800000, 0x0000000100000000)
  region size 1024K, 3 young (3072K), 3 survivors (3072K)
 Metaspace       used 78227K, committed 78848K, reserved 1179648K
  class space    used 11134K, committed 11456K, reserved 1048576K
GC Heap History (20 events):
Event: 8.541 GC heap after
{Heap after GC invocations=21 (full 0):
 garbage-first heap   total 101376K, used 47642K [0x0000000085800000, 0x0000000100000000)
  region size 1024K, 4 young (4096K), 4 survivors (4096K)
 Metaspace       used 67541K, committed 68096K, reserved 1114112K
  class space    used 9416K, committed 9664K, reserved 1048576K
}
Event: 8.912 GC heap before
{Heap before GC invocations=21 (full 0):
 garbage-first heap   total 101376K, used 83482K [0x0000000085800000, 0x0000000100000000)
  region size 1024K, 39 young (39936K), 4 survivors (4096K)
 Metaspace       used 72631K, committed 73216K, reserved 1114112K
  class space    used 10203K, committed 10496K, reserved 1048576K
}
Event: 8.916 GC heap after
{Heap after GC invocations=22 (full 0):
 garbage-first heap   total 121856K, used 50185K [0x0000000085800000, 0x0000000100000000)
  region size 1024K, 5 young (5120K), 5 survivors (5120K)
 Metaspace       used 72631K, committed 73216K, reserved 1114112K
  class space    used 10203K, committed 10496K, reserved 1048576K
}
Event: 9.118 GC heap before
{Heap before GC invocations=22 (full 0):
 garbage-first heap   total 121856K, used 99337K [0x0000000085800000, 0x0000000100000000)
  region size 1024K, 54 young (55296K), 5 survivors (5120K)
 Metaspace       used 76000K, committed 76608K, reserved 1179648K
  class space    used 10792K, committed 11136K, reserved 1048576K
}
Event: 9.123 GC heap after
{Heap after GC invocations=23 (full 0):
 garbage-first heap   total 121856K, used 52906K [0x0000000085800000, 0x0000000100000000)
  region size 1024K, 6 young (6144K), 6 survivors (6144K)
 Metaspace       used 76000K, committed 76608K, reserved 1179648K
  class space    used 10792K, committed 11136K, reserved 1048576K
}
Event: 9.212 GC heap before
{Heap before GC invocations=23 (full 0):
 garbage-first heap   total 121856K, used 100010K [0x0000000085800000, 0x0000000100000000)
  region size 1024K, 52 young (53248K), 6 survivors (6144K)
 Metaspace       used 76094K, committed 76672K, reserved 1179648K
  class space    used 10814K, committed 11136K, reserved 1048576K
}
Event: 9.218 GC heap after
{Heap after GC invocations=24 (full 0):
 garbage-first heap   total 121856K, used 57161K [0x0000000085800000, 0x0000000100000000)
  region size 1024K, 7 young (7168K), 7 survivors (7168K)
 Metaspace       used 76094K, committed 76672K, reserved 1179648K
  class space    used 10814K, committed 11136K, reserved 1048576K
}
Event: 9.561 GC heap before
{Heap before GC invocations=24 (full 0):
 garbage-first heap   total 121856K, used 98121K [0x0000000085800000, 0x0000000100000000)
  region size 1024K, 47 young (48128K), 7 survivors (7168K)
 Metaspace       used 78209K, committed 78848K, reserved 1179648K
  class space    used 11131K, committed 11456K, reserved 1048576K
}
Event: 9.567 GC heap after
{Heap after GC invocations=25 (full 0):
 garbage-first heap   total 121856K, used 55725K [0x0000000085800000, 0x0000000100000000)
  region size 1024K, 3 young (3072K), 3 survivors (3072K)
 Metaspace       used 78209K, committed 78848K, reserved 1179648K
  class space    used 11131K, committed 11456K, reserved 1048576K
}
Event: 9.626 GC heap before
{Heap before GC invocations=25 (full 0):
 garbage-first heap   total 121856K, used 99757K [0x0000000085800000, 0x0000000100000000)
  region size 1024K, 46 young (47104K), 3 survivors (3072K)
 Metaspace       used 78230K, committed 78848K, reserved 1179648K
  class space    used 11135K, committed 11456K, reserved 1048576K
}
Event: 9.634 GC heap after
{Heap after GC invocations=26 (full 0):
 garbage-first heap   total 152576K, used 61931K [0x0000000085800000, 0x0000000100000000)
  region size 1024K, 6 young (6144K), 6 survivors (6144K)
 Metaspace       used 78230K, committed 78848K, reserved 1179648K
  class space    used 11135K, committed 11456K, reserved 1048576K
}
Event: 9.710 GC heap before
{Heap before GC invocations=26 (full 0):
 garbage-first heap   total 152576K, used 118251K [0x0000000085800000, 0x0000000100000000)
  region size 1024K, 61 young (62464K), 6 survivors (6144K)
 Metaspace       used 78230K, committed 78848K, reserved 1179648K
  class space    used 11135K, committed 11456K, reserved 1048576K
}
Event: 9.734 GC heap after
{Heap after GC invocations=27 (full 0):
 garbage-first heap   total 152576K, used 82522K [0x0000000085800000, 0x0000000100000000)
  region size 1024K, 8 young (8192K), 8 survivors (8192K)
 Metaspace       used 78230K, committed 78848K, reserved 1179648K
  class space    used 11135K, committed 11456K, reserved 1048576K
}
Event: 9.739 GC heap before
{Heap before GC invocations=27 (full 0):
 garbage-first heap   total 152576K, used 84570K [0x0000000085800000, 0x0000000100000000)
  region size 1024K, 11 young (11264K), 8 survivors (8192K)
 Metaspace       used 78230K, committed 78848K, reserved 1179648K
  class space    used 11135K, committed 11456K, reserved 1048576K
}
Event: 9.747 GC heap after
{Heap after GC invocations=28 (full 0):
 garbage-first heap   total 152576K, used 84753K [0x0000000085800000, 0x0000000100000000)
  region size 1024K, 2 young (2048K), 2 survivors (2048K)
 Metaspace       used 78230K, committed 78848K, reserved 1179648K
  class space    used 11135K, committed 11456K, reserved 1048576K
}
Event: 9.861 GC heap before
{Heap before GC invocations=29 (full 0):
 garbage-first heap   total 160768K, used 113425K [0x0000000085800000, 0x0000000100000000)
  region size 1024K, 29 young (29696K), 2 survivors (2048K)
 Metaspace       used 78227K, committed 78848K, reserved 1179648K
  class space    used 11134K, committed 11456K, reserved 1048576K
}
Event: 9.870 GC heap after
{Heap after GC invocations=30 (full 0):
 garbage-first heap   total 160768K, used 97631K [0x0000000085800000, 0x0000000100000000)
  region size 1024K, 4 young (4096K), 4 survivors (4096K)
 Metaspace       used 78227K, committed 78848K, reserved 1179648K
  class space    used 11134K, committed 11456K, reserved 1048576K
}
Event: 9.874 GC heap before
{Heap before GC invocations=30 (full 0):
 garbage-first heap   total 160768K, used 100703K [0x0000000085800000, 0x0000000100000000)
  region size 1024K, 7 young (7168K), 4 survivors (4096K)
 Metaspace       used 78227K, committed 78848K, reserved 1179648K
  class space    used 11134K, committed 11456K, reserved 1048576K
}
Event: 9.880 GC heap after
{Heap after GC invocations=31 (full 0):
 garbage-first heap   total 160768K, used 98924K [0x0000000085800000, 0x0000000100000000)
  region size 1024K, 1 young (1024K), 1 survivors (1024K)
 Metaspace       used 78227K, committed 78848K, reserved 1179648K
  class space    used 11134K, committed 11456K, reserved 1048576K
}
Event: 9.898 GC heap before
{Heap before GC invocations=31 (full 0):
 garbage-first heap   total 160768K, used 110188K [0x0000000085800000, 0x0000000100000000)
  region size 1024K, 13 young (13312K), 1 survivors (1024K)
 Metaspace       used 78227K, committed 78848K, reserved 1179648K
  class space    used 11134K, committed 11456K, reserved 1048576K
}

