# JRE version: OpenJDK Runtime Environment Microsoft-12574423 (17.0.17+10) (build 17.0.17+10-LTS)
# Java VM: OpenJDK 64-Bit Server VM Microsoft-12574423 (17.0.17+10-LTS, mixed mode, emulated-client, sharing, tiered, compressed oops, compressed class ptrs, g1 gc, windows-amd64)
GC Precious Log:
 CPUs: 12 total, 12 available
 Memory: 7835M
 Large Page Support: Disabled
 NUMA Support: Disabled
 Compressed Oops: Enabled (32-bit)
 Heap Region Size: 1M
 Heap Min Capacity: 8M
 Heap Initial Capacity: 124M
 Heap Max Capacity: 1960M
 Pre-touch: Disabled
 Parallel Workers: 10
 Concurrent Workers: 3
 Concurrent Refinement Workers: 10
 Periodic GC: Disabled
Heap:
 garbage-first heap   total 193536K, used 139602K [0x0000000085800000, 0x0000000100000000)
  region size 1024K, 22 young (22528K), 6 survivors (6144K)
 Metaspace       used 72390K, committed 73088K, reserved 1114112K
  class space    used 10685K, committed 11008K, reserved 1048576K
GC Heap History (20 events):
Event: 6.153 GC heap before
{Heap before GC invocations=10 (full 0):
 garbage-first heap   total 126976K, used 94604K [0x0000000085800000, 0x0000000100000000)
  region size 1024K, 58 young (59392K), 5 survivors (5120K)
 Metaspace       used 57658K, committed 58176K, reserved 1114112K
  class space    used 8305K, committed 8512K, reserved 1048576K
}
Event: 6.161 GC heap after
{Heap after GC invocations=11 (full 0):
 garbage-first heap   total 126976K, used 44063K [0x0000000085800000, 0x0000000100000000)
  region size 1024K, 3 young (3072K), 3 survivors (3072K)
 Metaspace       used 57658K, committed 58176K, reserved 1114112K
  class space    used 8305K, committed 8512K, reserved 1048576K
}
Event: 6.471 GC heap before
{Heap before GC invocations=11 (full 0):
 garbage-first heap   total 126976K, used 97311K [0x0000000085800000, 0x0000000100000000)
  region size 1024K, 55 young (56320K), 3 survivors (3072K)
 Metaspace       used 59626K, committed 60160K, reserved 1114112K
  class space    used 8581K, committed 8832K, reserved 1048576K
}
Event: 6.475 GC heap after
{Heap after GC invocations=12 (full 0):
 garbage-first heap   total 126976K, used 44706K [0x0000000085800000, 0x0000000100000000)
  region size 1024K, 4 young (4096K), 4 survivors (4096K)
 Metaspace       used 59626K, committed 60160K, reserved 1114112K
  class space    used 8581K, committed 8832K, reserved 1048576K
}
Event: 6.510 GC heap before
{Heap before GC invocations=12 (full 0):
 garbage-first heap   total 126976K, used 46754K [0x0000000085800000, 0x0000000100000000)
  region size 1024K, 7 young (7168K), 4 survivors (4096K)
 Metaspace       used 59941K, committed 60480K, reserved 1114112K
  class space    used 8631K, committed 8896K, reserved 1048576K
}
Event: 6.514 GC heap after
{Heap after GC invocations=13 (full 0):
 garbage-first heap   total 126976K, used 44843K [0x0000000085800000, 0x0000000100000000)
  region size 1024K, 4 young (4096K), 4 survivors (4096K)
 Metaspace       used 59941K, committed 60480K, reserved 1114112K
  class space    used 8631K, committed 8896K, reserved 1048576K
}
Event: 7.230 GC heap before
{Heap before GC invocations=14 (full 0):
 garbage-first heap   total 126976K, used 100139K [0x0000000085800000, 0x0000000100000000)
  region size 1024K, 58 young (59392K), 4 survivors (4096K)
 Metaspace       used 68716K, committed 69376K, reserved 1114112K
  class space    used 10160K, committed 10496K, reserved 1048576K
}
Event: 7.238 GC heap after
{Heap after GC invocations=15 (full 0):
 garbage-first heap   total 152576K, used 49485K [0x0000000085800000, 0x0000000100000000)
  region size 1024K, 8 young (8192K), 8 survivors (8192K)
 Metaspace       used 68716K, committed 69376K, reserved 1114112K
  class space    used 10160K, committed 10496K, reserved 1048576K
}
Event: 7.448 GC heap before
{Heap before GC invocations=15 (full 0):
 garbage-first heap   total 152576K, used 120141K [0x0000000085800000, 0x0000000100000000)
  region size 1024K, 77 young (78848K), 8 survivors (8192K)
 Metaspace       used 70275K, committed 70912K, reserved 1114112K
  class space    used 10367K, committed 10688K, reserved 1048576K
}
Event: 7.458 GC heap after
{Heap after GC invocations=16 (full 0):
 garbage-first heap   total 152576K, used 51698K [0x0000000085800000, 0x0000000100000000)
  region size 1024K, 8 young (8192K), 8 survivors (8192K)
 Metaspace       used 70275K, committed 70912K, reserved 1114112K
  class space    used 10367K, committed 10688K, reserved 1048576K
}
Event: 8.087 GC heap before
{Heap before GC invocations=16 (full 0):
 garbage-first heap   total 152576K, used 121330K [0x0000000085800000, 0x0000000100000000)
  region size 1024K, 76 young (77824K), 8 survivors (8192K)
 Metaspace       used 72386K, committed 73088K, reserved 1114112K
  class space    used 10684K, committed 11008K, reserved 1048576K
}
Event: 8.097 GC heap after
{Heap after GC invocations=17 (full 0):
 garbage-first heap   total 152576K, used 57729K [0x0000000085800000, 0x0000000100000000)
  region size 1024K, 9 young (9216K), 9 survivors (9216K)
 Metaspace       used 72386K, committed 73088K, reserved 1114112K
  class space    used 10684K, committed 11008K, reserved 1048576K
}
Event: 8.238 GC heap before
{Heap before GC invocations=17 (full 0):
 garbage-first heap   total 152576K, used 121217K [0x0000000085800000, 0x0000000100000000)
  region size 1024K, 71 young (72704K), 9 survivors (9216K)
 Metaspace       used 72393K, committed 73088K, reserved 1114112K
  class space    used 10686K, committed 11008K, reserved 1048576K
}
Event: 8.247 GC heap after
{Heap after GC invocations=18 (full 0):
 garbage-first heap   total 152576K, used 63759K [0x0000000085800000, 0x0000000100000000)
  region size 1024K, 9 young (9216K), 9 survivors (9216K)
 Metaspace       used 72393K, committed 73088K, reserved 1114112K
  class space    used 10686K, committed 11008K, reserved 1048576K
}
Event: 8.328 GC heap before
{Heap before GC invocations=18 (full 0):
 garbage-first heap   total 152576K, used 118031K [0x0000000085800000, 0x0000000100000000)
  region size 1024K, 61 young (62464K), 9 survivors (9216K)
 Metaspace       used 72393K, committed 73088K, reserved 1114112K
  class space    used 10686K, committed 11008K, reserved 1048576K
}
Event: 8.346 GC heap after
{Heap after GC invocations=19 (full 0):
 garbage-first heap   total 193536K, used 85087K [0x0000000085800000, 0x0000000100000000)
  region size 1024K, 8 young (8192K), 8 survivors (8192K)
 Metaspace       used 72393K, committed 73088K, reserved 1114112K
  class space    used 10686K, committed 11008K, reserved 1048576K
}
Event: 8.468 GC heap before
{Heap before GC invocations=19 (full 0):
 garbage-first heap   total 193536K, used 141407K [0x0000000085800000, 0x0000000100000000)
  region size 1024K, 61 young (62464K), 8 survivors (8192K)
 Metaspace       used 72393K, committed 73088K, reserved 1114112K
  class space    used 10686K, committed 11008K, reserved 1048576K
}
Event: 8.487 GC heap after
{Heap after GC invocations=20 (full 0):
 garbage-first heap   total 193536K, used 107146K [0x0000000085800000, 0x0000000100000000)
  region size 1024K, 8 young (8192K), 8 survivors (8192K)
 Metaspace       used 72393K, committed 73088K, reserved 1114112K
  class space    used 10686K, committed 11008K, reserved 1048576K
}
Event: 8.549 GC heap before
{Heap before GC invocations=20 (full 0):
 garbage-first heap   total 193536K, used 144010K [0x0000000085800000, 0x0000000100000000)
  region size 1024K, 44 young (45056K), 8 survivors (8192K)
 Metaspace       used 72393K, committed 73088K, reserved 1114112K
  class space    used 10686K, committed 11008K, reserved 1048576K
}
Event: 8.565 GC heap after
{Heap after GC invocations=21 (full 0):
 garbage-first heap   total 193536K, used 122194K [0x0000000085800000, 0x0000000100000000)
  region size 1024K, 6 young (6144K), 6 survivors (6144K)
 Metaspace       used 72393K, committed 73088K, reserved 1114112K
  class space    used 10686K, committed 11008K, reserved 1048576K
}

