# JRE version: OpenJDK Runtime Environment Temurin-17.0.16+8 (17.0.16+8) (build 17.0.16+8)
# Java VM: OpenJDK 64-Bit Server VM Temurin-17.0.16+8 (17.0.16+8, mixed mode, emulated-client, sharing, tiered, compressed oops, compressed class ptrs, g1 gc, windows-amd64)
GC Precious Log:
 CPUs: 12 total, 12 available
 Memory: 7835M
 Large Page Support: Disabled
 NUMA Support: Disabled
 Compressed Oops: Enabled (32-bit)
 Heap Region Size: 1M
 Heap Min Capacity: 8M
 Heap Initial Capacity: 124M
 Heap Max Capacity: 1960M
 Pre-touch: Disabled
 Parallel Workers: 10
 Concurrent Workers: 3
 Concurrent Refinement Workers: 10
 Periodic GC: Disabled
Heap:
 garbage-first heap   total 238592K, used 135207K [0x0000000085800000, 0x0000000100000000)
  region size 1024K, 2 young (2048K), 2 survivors (2048K)
 Metaspace       used 72139K, committed 72704K, reserved 1114112K
  class space    used 10661K, committed 10944K, reserved 1048576K
GC Heap History (20 events):
Event: 4.239 GC heap after
{Heap after GC invocations=13 (full 0):
 garbage-first heap   total 124928K, used 42101K [0x0000000085800000, 0x0000000100000000)
  region size 1024K, 4 young (4096K), 4 survivors (4096K)
 Metaspace       used 52107K, committed 52608K, reserved 1114112K
  class space    used 7362K, committed 7552K, reserved 1048576K
}
Event: 4.558 GC heap before
{Heap before GC invocations=13 (full 0):
 garbage-first heap   total 124928K, used 95349K [0x0000000085800000, 0x0000000100000000)
  region size 1024K, 55 young (56320K), 4 survivors (4096K)
 Metaspace       used 57622K, committed 58112K, reserved 1114112K
  class space    used 8310K, committed 8512K, reserved 1048576K
}
Event: 4.561 GC heap after
{Heap after GC invocations=14 (full 0):
 garbage-first heap   total 124928K, used 44860K [0x0000000085800000, 0x0000000100000000)
  region size 1024K, 1 young (1024K), 1 survivors (1024K)
 Metaspace       used 57622K, committed 58112K, reserved 1114112K
  class space    used 8310K, committed 8512K, reserved 1048576K
}
Event: 4.836 GC heap before
{Heap before GC invocations=14 (full 0):
 garbage-first heap   total 124928K, used 73532K [0x0000000085800000, 0x0000000100000000)
  region size 1024K, 30 young (30720K), 1 survivors (1024K)
 Metaspace       used 59637K, committed 60160K, reserved 1114112K
  class space    used 8599K, committed 8832K, reserved 1048576K
}
Event: 4.840 GC heap after
{Heap after GC invocations=15 (full 0):
 garbage-first heap   total 124928K, used 45567K [0x0000000085800000, 0x0000000100000000)
  region size 1024K, 2 young (2048K), 2 survivors (2048K)
 Metaspace       used 59637K, committed 60160K, reserved 1114112K
  class space    used 8599K, committed 8832K, reserved 1048576K
}
Event: 5.491 GC heap before
{Heap before GC invocations=16 (full 0):
 garbage-first heap   total 124928K, used 97791K [0x0000000085800000, 0x0000000100000000)
  region size 1024K, 54 young (55296K), 2 survivors (2048K)
 Metaspace       used 67557K, committed 68224K, reserved 1114112K
  class space    used 9846K, committed 10176K, reserved 1048576K
}
Event: 5.498 GC heap after
{Heap after GC invocations=17 (full 0):
 garbage-first heap   total 124928K, used 50352K [0x0000000085800000, 0x0000000100000000)
  region size 1024K, 7 young (7168K), 7 survivors (7168K)
 Metaspace       used 67557K, committed 68224K, reserved 1114112K
  class space    used 9846K, committed 10176K, reserved 1048576K
}
Event: 5.508 GC heap before
{Heap before GC invocations=17 (full 0):
 garbage-first heap   total 124928K, used 51376K [0x0000000085800000, 0x0000000100000000)
  region size 1024K, 8 young (8192K), 7 survivors (7168K)
 Metaspace       used 67833K, committed 68480K, reserved 1114112K
  class space    used 9932K, committed 10240K, reserved 1048576K
}
Event: 5.515 GC heap after
{Heap after GC invocations=18 (full 0):
 garbage-first heap   total 238592K, used 49827K [0x0000000085800000, 0x0000000100000000)
  region size 1024K, 1 young (1024K), 1 survivors (1024K)
 Metaspace       used 67833K, committed 68480K, reserved 1114112K
  class space    used 9932K, committed 10240K, reserved 1048576K
}
Event: 6.021 GC heap before
{Heap before GC invocations=18 (full 0):
 garbage-first heap   total 238592K, used 179875K [0x0000000085800000, 0x0000000100000000)
  region size 1024K, 128 young (131072K), 1 survivors (1024K)
 Metaspace       used 72135K, committed 72704K, reserved 1114112K
  class space    used 10660K, committed 10944K, reserved 1048576K
}
Event: 6.026 GC heap after
{Heap after GC invocations=19 (full 0):
 garbage-first heap   total 238592K, used 54243K [0x0000000085800000, 0x0000000100000000)
  region size 1024K, 5 young (5120K), 5 survivors (5120K)
 Metaspace       used 72135K, committed 72704K, reserved 1114112K
  class space    used 10660K, committed 10944K, reserved 1048576K
}
Event: 6.200 GC heap before
{Heap before GC invocations=19 (full 0):
 garbage-first heap   total 238592K, used 192483K [0x0000000085800000, 0x0000000100000000)
  region size 1024K, 139 young (142336K), 5 survivors (5120K)
 Metaspace       used 72143K, committed 72704K, reserved 1114112K
  class space    used 10662K, committed 10944K, reserved 1048576K
}
Event: 6.225 GC heap after
{Heap after GC invocations=20 (full 0):
 garbage-first heap   total 238592K, used 87591K [0x0000000085800000, 0x0000000100000000)
  region size 1024K, 18 young (18432K), 18 survivors (18432K)
 Metaspace       used 72143K, committed 72704K, reserved 1114112K
  class space    used 10662K, committed 10944K, reserved 1048576K
}
Event: 6.337 GC heap before
{Heap before GC invocations=20 (full 0):
 garbage-first heap   total 238592K, used 171559K [0x0000000085800000, 0x0000000100000000)
  region size 1024K, 98 young (100352K), 18 survivors (18432K)
 Metaspace       used 72143K, committed 72704K, reserved 1114112K
  class space    used 10662K, committed 10944K, reserved 1048576K
}
Event: 6.363 GC heap after
{Heap after GC invocations=21 (full 0):
 garbage-first heap   total 238592K, used 118522K [0x0000000085800000, 0x0000000100000000)
  region size 1024K, 13 young (13312K), 13 survivors (13312K)
 Metaspace       used 72143K, committed 72704K, reserved 1114112K
  class space    used 10662K, committed 10944K, reserved 1048576K
}
Event: 6.388 GC heap before
{Heap before GC invocations=21 (full 0):
 garbage-first heap   total 238592K, used 135930K [0x0000000085800000, 0x0000000100000000)
  region size 1024K, 31 young (31744K), 13 survivors (13312K)
 Metaspace       used 72143K, committed 72704K, reserved 1114112K
  class space    used 10662K, committed 10944K, reserved 1048576K
}
Event: 6.405 GC heap after
{Heap after GC invocations=22 (full 0):
 garbage-first heap   total 238592K, used 129753K [0x0000000085800000, 0x0000000100000000)
  region size 1024K, 9 young (9216K), 9 survivors (9216K)
 Metaspace       used 72143K, committed 72704K, reserved 1114112K
  class space    used 10662K, committed 10944K, reserved 1048576K
}
Event: 6.532 GC heap before
{Heap before GC invocations=23 (full 0):
 garbage-first heap   total 238592K, used 176857K [0x0000000085800000, 0x0000000100000000)
  region size 1024K, 53 young (54272K), 9 survivors (9216K)
 Metaspace       used 72139K, committed 72704K, reserved 1114112K
  class space    used 10661K, committed 10944K, reserved 1048576K
}
Event: 6.540 GC heap after
{Heap after GC invocations=24 (full 0):
 garbage-first heap   total 238592K, used 135696K [0x0000000085800000, 0x0000000100000000)
  region size 1024K, 4 young (4096K), 4 survivors (4096K)
 Metaspace       used 72139K, committed 72704K, reserved 1114112K
  class space    used 10661K, committed 10944K, reserved 1048576K
}
Event: 6.549 GC heap before
{Heap before GC invocations=24 (full 0):
 garbage-first heap   total 238592K, used 142864K [0x0000000085800000, 0x0000000100000000)
  region size 1024K, 11 young (11264K), 4 survivors (4096K)
 Metaspace       used 72139K, committed 72704K, reserved 1114112K
  class space    used 10661K, committed 10944K, reserved 1048576K
}

