# JRE version: OpenJDK Runtime Environment Temurin-17.0.16+8 (17.0.16+8) (build 17.0.16+8)
# Java VM: OpenJDK 64-Bit Server VM Temurin-17.0.16+8 (17.0.16+8, mixed mode, sharing, tiered, compressed oops, compressed class ptrs, g1 gc, windows-amd64)
GC Precious Log:
 CPUs: 12 total, 12 available
 Memory: 7835M
 Large Page Support: Disabled
 NUMA Support: Disabled
 Compressed Oops: Enabled (32-bit)
 Heap Region Size: 1M
 Heap Min Capacity: 8M
 Heap Initial Capacity: 124M
 Heap Max Capacity: 1960M
 Pre-touch: Disabled
 Parallel Workers: 10
 Concurrent Workers: 3
 Concurrent Refinement Workers: 10
 Periodic GC: Disabled
Heap:
 garbage-first heap   total 311296K, used 98598K [0x0000000085800000, 0x0000000100000000)
  region size 1024K, 2 young (2048K), 2 survivors (2048K)
 Metaspace       used 93219K, committed 93888K, reserved 1179648K
  class space    used 12841K, committed 13184K, reserved 1048576K
GC Heap History (20 events):
Event: 56.047 GC heap after
{Heap after GC invocations=28 (full 0):
 garbage-first heap   total 311296K, used 135290K [0x0000000085800000, 0x0000000100000000)
  region size 1024K, 1 young (1024K), 1 survivors (1024K)
 Metaspace       used 77743K, committed 78272K, reserved 1179648K
  class space    used 10766K, committed 11008K, reserved 1048576K
}
Event: 56.713 GC heap before
{Heap before GC invocations=28 (full 0):
 garbage-first heap   total 311296K, used 205946K [0x0000000085800000, 0x0000000100000000)
  region size 1024K, 70 young (71680K), 1 survivors (1024K)
 Metaspace       used 77761K, committed 78272K, reserved 1179648K
  class space    used 10777K, committed 11008K, reserved 1048576K
}
Event: 56.718 GC heap after
{Heap after GC invocations=29 (full 0):
 garbage-first heap   total 311296K, used 137819K [0x0000000085800000, 0x0000000100000000)
  region size 1024K, 4 young (4096K), 4 survivors (4096K)
 Metaspace       used 77761K, committed 78272K, reserved 1179648K
  class space    used 10777K, committed 11008K, reserved 1048576K
}
Event: 57.428 GC heap before
{Heap before GC invocations=29 (full 0):
 garbage-first heap   total 311296K, used 216667K [0x0000000085800000, 0x0000000100000000)
  region size 1024K, 81 young (82944K), 4 survivors (4096K)
 Metaspace       used 77761K, committed 78272K, reserved 1179648K
  class space    used 10777K, committed 11008K, reserved 1048576K
}
Event: 57.435 GC heap after
{Heap after GC invocations=30 (full 0):
 garbage-first heap   total 311296K, used 141625K [0x0000000085800000, 0x0000000100000000)
  region size 1024K, 8 young (8192K), 8 survivors (8192K)
 Metaspace       used 77761K, committed 78272K, reserved 1179648K
  class space    used 10777K, committed 11008K, reserved 1048576K
}
Event: 57.769 GC heap before
{Heap before GC invocations=30 (full 0):
 garbage-first heap   total 311296K, used 226617K [0x0000000085800000, 0x0000000100000000)
  region size 1024K, 91 young (93184K), 8 survivors (8192K)
 Metaspace       used 77965K, committed 78528K, reserved 1179648K
  class space    used 10878K, committed 11136K, reserved 1048576K
}
Event: 57.776 GC heap after
{Heap after GC invocations=31 (full 0):
 garbage-first heap   total 311296K, used 142450K [0x0000000085800000, 0x0000000100000000)
  region size 1024K, 7 young (7168K), 7 survivors (7168K)
 Metaspace       used 77965K, committed 78528K, reserved 1179648K
  class space    used 10878K, committed 11136K, reserved 1048576K
}
Event: 58.343 GC heap before
{Heap before GC invocations=31 (full 0):
 garbage-first heap   total 311296K, used 233586K [0x0000000085800000, 0x0000000100000000)
  region size 1024K, 96 young (98304K), 7 survivors (7168K)
 Metaspace       used 78406K, committed 78976K, reserved 1179648K
  class space    used 10891K, committed 11136K, reserved 1048576K
}
Event: 58.348 GC heap after
{Heap after GC invocations=32 (full 0):
 garbage-first heap   total 311296K, used 140557K [0x0000000085800000, 0x0000000100000000)
  region size 1024K, 5 young (5120K), 5 survivors (5120K)
 Metaspace       used 78406K, committed 78976K, reserved 1179648K
  class space    used 10891K, committed 11136K, reserved 1048576K
}
Event: 58.612 GC heap before
{Heap before GC invocations=32 (full 0):
 garbage-first heap   total 311296K, used 240909K [0x0000000085800000, 0x0000000100000000)
  region size 1024K, 103 young (105472K), 5 survivors (5120K)
 Metaspace       used 78568K, committed 79104K, reserved 1179648K
  class space    used 10898K, committed 11136K, reserved 1048576K
}
Event: 58.625 GC heap after
{Heap after GC invocations=33 (full 0):
 garbage-first heap   total 311296K, used 150932K [0x0000000085800000, 0x0000000100000000)
  region size 1024K, 13 young (13312K), 13 survivors (13312K)
 Metaspace       used 78568K, committed 79104K, reserved 1179648K
  class space    used 10898K, committed 11136K, reserved 1048576K
}
Event: 58.957 GC heap before
{Heap before GC invocations=33 (full 0):
 garbage-first heap   total 311296K, used 241044K [0x0000000085800000, 0x0000000100000000)
  region size 1024K, 101 young (103424K), 13 survivors (13312K)
 Metaspace       used 78734K, committed 79360K, reserved 1179648K
  class space    used 10902K, committed 11200K, reserved 1048576K
}
Event: 58.969 GC heap after
{Heap after GC invocations=34 (full 0):
 garbage-first heap   total 311296K, used 154922K [0x0000000085800000, 0x0000000100000000)
  region size 1024K, 4 young (4096K), 4 survivors (4096K)
 Metaspace       used 78734K, committed 79360K, reserved 1179648K
  class space    used 10902K, committed 11200K, reserved 1048576K
}
Event: 60.077 GC heap before
{Heap before GC invocations=34 (full 0):
 garbage-first heap   total 311296K, used 246058K [0x0000000085800000, 0x0000000100000000)
  region size 1024K, 93 young (95232K), 4 survivors (4096K)
 Metaspace       used 81562K, committed 82176K, reserved 1179648K
  class space    used 11217K, committed 11520K, reserved 1048576K
}
Event: 60.086 GC heap after
{Heap after GC invocations=35 (full 0):
 garbage-first heap   total 311296K, used 158446K [0x0000000085800000, 0x0000000100000000)
  region size 1024K, 8 young (8192K), 8 survivors (8192K)
 Metaspace       used 81562K, committed 82176K, reserved 1179648K
  class space    used 11217K, committed 11520K, reserved 1048576K
}
Event: 63.189 GC heap before
{Heap before GC invocations=36 (full 0):
 garbage-first heap   total 311296K, used 239342K [0x0000000085800000, 0x0000000100000000)
  region size 1024K, 97 young (99328K), 8 survivors (8192K)
 Metaspace       used 89728K, committed 90368K, reserved 1179648K
  class space    used 12364K, committed 12672K, reserved 1048576K
}
Event: 63.202 GC heap after
{Heap after GC invocations=37 (full 0):
 garbage-first heap   total 311296K, used 156740K [0x0000000085800000, 0x0000000100000000)
  region size 1024K, 12 young (12288K), 12 survivors (12288K)
 Metaspace       used 89728K, committed 90368K, reserved 1179648K
  class space    used 12364K, committed 12672K, reserved 1048576K
}
Event: 63.246 GC heap before
{Heap before GC invocations=37 (full 0):
 garbage-first heap   total 311296K, used 159812K [0x0000000085800000, 0x0000000100000000)
  region size 1024K, 15 young (15360K), 12 survivors (12288K)
 Metaspace       used 90299K, committed 90944K, reserved 1179648K
  class space    used 12446K, committed 12736K, reserved 1048576K
}
Event: 63.256 GC heap after
{Heap after GC invocations=38 (full 0):
 garbage-first heap   total 311296K, used 126340K [0x0000000085800000, 0x0000000100000000)
  region size 1024K, 2 young (2048K), 2 survivors (2048K)
 Metaspace       used 90299K, committed 90944K, reserved 1179648K
  class space    used 12446K, committed 12736K, reserved 1048576K
}
Event: 63.898 GC heap before
{Heap before GC invocations=38 (full 0):
 garbage-first heap   total 311296K, used 139652K [0x0000000085800000, 0x0000000100000000)
  region size 1024K, 15 young (15360K), 2 survivors (2048K)
 Metaspace       used 93219K, committed 93888K, reserved 1179648K
  class space    used 12841K, committed 13184K, reserved 1048576K
}

