# JRE version: OpenJDK Runtime Environment Microsoft-13106358 (17.0.18+8) (build 17.0.18+8-LTS)
# Java VM: OpenJDK 64-Bit Server VM Microsoft-13106358 (17.0.18+8-LTS, mixed mode, emulated-client, sharing, tiered, compressed oops, compressed class ptrs, g1 gc, windows-amd64)
GC Precious Log:
 CPUs: 12 total, 12 available
 Memory: 7835M
 Large Page Support: Disabled
 NUMA Support: Disabled
 Compressed Oops: Enabled (32-bit)
 Heap Region Size: 1M
 Heap Min Capacity: 8M
 Heap Initial Capacity: 124M
 Heap Max Capacity: 1960M
 Pre-touch: Disabled
 Parallel Workers: 10
 Concurrent Workers: 3
 Concurrent Refinement Workers: 10
 Periodic GC: Disabled
Heap:
 garbage-first heap   total 190464K, used 118160K [0x0000000085800000, 0x0000000100000000)
  region size 1024K, 7 young (7168K), 7 survivors (7168K)
 Metaspace       used 70266K, committed 70848K, reserved 1114112K
  class space    used 10433K, committed 10688K, reserved 1048576K
GC Heap History (20 events):
Event: 14.996 GC heap after
{Heap after GC invocations=21 (full 0):
 garbage-first heap   total 81920K, used 43549K [0x0000000085800000, 0x0000000100000000)
  region size 1024K, 3 young (3072K), 3 survivors (3072K)
 Metaspace       used 61490K, committed 62016K, reserved 1114112K
  class space    used 8952K, committed 9216K, reserved 1048576K
}
Event: 15.662 GC heap before
{Heap before GC invocations=21 (full 0):
 garbage-first heap   total 81920K, used 66077K [0x0000000085800000, 0x0000000100000000)
  region size 1024K, 26 young (26624K), 3 survivors (3072K)
 Metaspace       used 64434K, committed 65024K, reserved 1114112K
  class space    used 9343K, committed 9600K, reserved 1048576K
}
Event: 15.667 GC heap after
{Heap after GC invocations=22 (full 0):
 garbage-first heap   total 81920K, used 45798K [0x0000000085800000, 0x0000000100000000)
  region size 1024K, 3 young (3072K), 3 survivors (3072K)
 Metaspace       used 64434K, committed 65024K, reserved 1114112K
  class space    used 9343K, committed 9600K, reserved 1048576K
}
Event: 16.229 GC heap before
{Heap before GC invocations=23 (full 0):
 garbage-first heap   total 81920K, used 65254K [0x0000000085800000, 0x0000000100000000)
  region size 1024K, 23 young (23552K), 3 survivors (3072K)
 Metaspace       used 67448K, committed 68032K, reserved 1114112K
  class space    used 10024K, committed 10304K, reserved 1048576K
}
Event: 16.233 GC heap after
{Heap after GC invocations=24 (full 0):
 garbage-first heap   total 81920K, used 48852K [0x0000000085800000, 0x0000000100000000)
  region size 1024K, 3 young (3072K), 3 survivors (3072K)
 Metaspace       used 67448K, committed 68032K, reserved 1114112K
  class space    used 10024K, committed 10304K, reserved 1048576K
}
Event: 16.235 GC heap before
{Heap before GC invocations=24 (full 0):
 garbage-first heap   total 81920K, used 49876K [0x0000000085800000, 0x0000000100000000)
  region size 1024K, 4 young (4096K), 3 survivors (3072K)
 Metaspace       used 67448K, committed 68032K, reserved 1114112K
  class space    used 10024K, committed 10304K, reserved 1048576K
}
Event: 16.237 GC heap after
{Heap after GC invocations=25 (full 0):
 garbage-first heap   total 81920K, used 49641K [0x0000000085800000, 0x0000000100000000)
  region size 1024K, 1 young (1024K), 1 survivors (1024K)
 Metaspace       used 67448K, committed 68032K, reserved 1114112K
  class space    used 10024K, committed 10304K, reserved 1048576K
}
Event: 16.271 GC heap before
{Heap before GC invocations=25 (full 0):
 garbage-first heap   total 81920K, used 67049K [0x0000000085800000, 0x0000000100000000)
  region size 1024K, 18 young (18432K), 1 survivors (1024K)
 Metaspace       used 67456K, committed 68032K, reserved 1114112K
  class space    used 10024K, committed 10304K, reserved 1048576K
}
Event: 16.272 GC heap after
{Heap after GC invocations=26 (full 0):
 garbage-first heap   total 81920K, used 50254K [0x0000000085800000, 0x0000000100000000)
  region size 1024K, 2 young (2048K), 2 survivors (2048K)
 Metaspace       used 67456K, committed 68032K, reserved 1114112K
  class space    used 10024K, committed 10304K, reserved 1048576K
}
Event: 16.518 GC heap before
{Heap before GC invocations=27 (full 0):
 garbage-first heap   total 91136K, used 65614K [0x0000000085800000, 0x0000000100000000)
  region size 1024K, 18 young (18432K), 2 survivors (2048K)
 Metaspace       used 69612K, committed 70144K, reserved 1114112K
  class space    used 10321K, committed 10560K, reserved 1048576K
}
Event: 16.520 GC heap after
{Heap after GC invocations=28 (full 0):
 garbage-first heap   total 190464K, used 51142K [0x0000000085800000, 0x0000000100000000)
  region size 1024K, 3 young (3072K), 3 survivors (3072K)
 Metaspace       used 69612K, committed 70144K, reserved 1114112K
  class space    used 10321K, committed 10560K, reserved 1048576K
}
Event: 16.531 GC heap before
{Heap before GC invocations=28 (full 0):
 garbage-first heap   total 190464K, used 57286K [0x0000000085800000, 0x0000000100000000)
  region size 1024K, 9 young (9216K), 3 survivors (3072K)
 Metaspace       used 69612K, committed 70144K, reserved 1114112K
  class space    used 10321K, committed 10560K, reserved 1048576K
}
Event: 16.535 GC heap after
{Heap after GC invocations=29 (full 0):
 garbage-first heap   total 190464K, used 53199K [0x0000000085800000, 0x0000000100000000)
  region size 1024K, 2 young (2048K), 2 survivors (2048K)
 Metaspace       used 69612K, committed 70144K, reserved 1114112K
  class space    used 10321K, committed 10560K, reserved 1048576K
}
Event: 16.968 GC heap before
{Heap before GC invocations=29 (full 0):
 garbage-first heap   total 190464K, used 142287K [0x0000000085800000, 0x0000000100000000)
  region size 1024K, 89 young (91136K), 2 survivors (2048K)
 Metaspace       used 70266K, committed 70848K, reserved 1114112K
  class space    used 10433K, committed 10688K, reserved 1048576K
}
Event: 16.977 GC heap after
{Heap after GC invocations=30 (full 0):
 garbage-first heap   total 190464K, used 60876K [0x0000000085800000, 0x0000000100000000)
  region size 1024K, 10 young (10240K), 10 survivors (10240K)
 Metaspace       used 70266K, committed 70848K, reserved 1114112K
  class space    used 10433K, committed 10688K, reserved 1048576K
}
Event: 17.167 GC heap before
{Heap before GC invocations=30 (full 0):
 garbage-first heap   total 190464K, used 148940K [0x0000000085800000, 0x0000000100000000)
  region size 1024K, 95 young (97280K), 10 survivors (10240K)
 Metaspace       used 70266K, committed 70848K, reserved 1114112K
  class space    used 10433K, committed 10688K, reserved 1048576K
}
Event: 17.183 GC heap after
{Heap after GC invocations=31 (full 0):
 garbage-first heap   total 190464K, used 77146K [0x0000000085800000, 0x0000000100000000)
  region size 1024K, 12 young (12288K), 12 survivors (12288K)
 Metaspace       used 70266K, committed 70848K, reserved 1114112K
  class space    used 10433K, committed 10688K, reserved 1048576K
}
Event: 17.406 GC heap before
{Heap before GC invocations=31 (full 0):
 garbage-first heap   total 190464K, used 140634K [0x0000000085800000, 0x0000000100000000)
  region size 1024K, 72 young (73728K), 12 survivors (12288K)
 Metaspace       used 70266K, committed 70848K, reserved 1114112K
  class space    used 10433K, committed 10688K, reserved 1048576K
}
Event: 17.425 GC heap after
{Heap after GC invocations=32 (full 0):
 garbage-first heap   total 190464K, used 100541K [0x0000000085800000, 0x0000000100000000)
  region size 1024K, 9 young (9216K), 9 survivors (9216K)
 Metaspace       used 70266K, committed 70848K, reserved 1114112K
  class space    used 10433K, committed 10688K, reserved 1048576K
}
Event: 17.535 GC heap before
{Heap before GC invocations=32 (full 0):
 garbage-first heap   total 190464K, used 141501K [0x0000000085800000, 0x0000000100000000)
  region size 1024K, 49 young (50176K), 9 survivors (9216K)
 Metaspace       used 70266K, committed 70848K, reserved 1114112K
  class space    used 10433K, committed 10688K, reserved 1048576K
}

