# JRE version: OpenJDK Runtime Environment Temurin-17.0.16+8 (17.0.16+8) (build 17.0.16+8)
# Java VM: OpenJDK 64-Bit Server VM Temurin-17.0.16+8 (17.0.16+8, mixed mode, sharing, tiered, compressed oops, compressed class ptrs, g1 gc, windows-amd64)
GC Precious Log:
 CPUs: 12 total, 12 available
 Memory: 7835M
 Large Page Support: Disabled
 NUMA Support: Disabled
 Compressed Oops: Enabled (32-bit)
 Heap Region Size: 1M
 Heap Min Capacity: 8M
 Heap Initial Capacity: 124M
 Heap Max Capacity: 1960M
 Pre-touch: Disabled
 Parallel Workers: 10
 Concurrent Workers: 3
 Concurrent Refinement Workers: 10
 Periodic GC: Disabled
Heap:
 garbage-first heap   total 196608K, used 123859K [0x0000000085800000, 0x0000000100000000)
  region size 1024K, 2 young (2048K), 2 survivors (2048K)
 Metaspace       used 77710K, committed 78272K, reserved 1179648K
  class space    used 10765K, committed 11008K, reserved 1048576K
GC Heap History (20 events):
Event: 10.810 GC heap after
{Heap after GC invocations=16 (full 0):
 garbage-first heap   total 182272K, used 39585K [0x0000000085800000, 0x0000000100000000)
  region size 1024K, 1 young (1024K), 1 survivors (1024K)
 Metaspace       used 59551K, committed 60096K, reserved 1114112K
  class space    used 7973K, committed 8256K, reserved 1048576K
}
Event: 11.917 GC heap before
{Heap before GC invocations=17 (full 0):
 garbage-first heap   total 140288K, used 130721K [0x0000000085800000, 0x0000000100000000)
  region size 1024K, 91 young (93184K), 1 survivors (1024K)
 Metaspace       used 67846K, committed 68416K, reserved 1114112K
  class space    used 9195K, committed 9472K, reserved 1048576K
}
Event: 11.934 GC heap after
{Heap after GC invocations=18 (full 0):
 garbage-first heap   total 140288K, used 43133K [0x0000000085800000, 0x0000000100000000)
  region size 1024K, 5 young (5120K), 5 survivors (5120K)
 Metaspace       used 67846K, committed 68416K, reserved 1114112K
  class space    used 9195K, committed 9472K, reserved 1048576K
}
Event: 13.624 GC heap before
{Heap before GC invocations=18 (full 0):
 garbage-first heap   total 140288K, used 113789K [0x0000000085800000, 0x0000000100000000)
  region size 1024K, 74 young (75776K), 5 survivors (5120K)
 Metaspace       used 75855K, committed 76480K, reserved 1179648K
  class space    used 10522K, committed 10816K, reserved 1048576K
}
Event: 13.648 GC heap after
{Heap after GC invocations=19 (full 0):
 garbage-first heap   total 140288K, used 47285K [0x0000000085800000, 0x0000000100000000)
  region size 1024K, 9 young (9216K), 9 survivors (9216K)
 Metaspace       used 75855K, committed 76480K, reserved 1179648K
  class space    used 10522K, committed 10816K, reserved 1048576K
}
Event: 13.962 GC heap before
{Heap before GC invocations=19 (full 0):
 garbage-first heap   total 140288K, used 113845K [0x0000000085800000, 0x0000000100000000)
  region size 1024K, 74 young (75776K), 9 survivors (9216K)
 Metaspace       used 76329K, committed 76928K, reserved 1179648K
  class space    used 10585K, committed 10880K, reserved 1048576K
}
Event: 13.975 GC heap after
{Heap after GC invocations=20 (full 0):
 garbage-first heap   total 140288K, used 49074K [0x0000000085800000, 0x0000000100000000)
  region size 1024K, 6 young (6144K), 6 survivors (6144K)
 Metaspace       used 76329K, committed 76928K, reserved 1179648K
  class space    used 10585K, committed 10880K, reserved 1048576K
}
Event: 14.570 GC heap before
{Heap before GC invocations=20 (full 0):
 garbage-first heap   total 140288K, used 114610K [0x0000000085800000, 0x0000000100000000)
  region size 1024K, 70 young (71680K), 6 survivors (6144K)
 Metaspace       used 77710K, committed 78272K, reserved 1179648K
  class space    used 10765K, committed 11008K, reserved 1048576K
}
Event: 14.588 GC heap after
{Heap after GC invocations=21 (full 0):
 garbage-first heap   total 140288K, used 57709K [0x0000000085800000, 0x0000000100000000)
  region size 1024K, 9 young (9216K), 9 survivors (9216K)
 Metaspace       used 77710K, committed 78272K, reserved 1179648K
  class space    used 10765K, committed 11008K, reserved 1048576K
}
Event: 14.706 GC heap before
{Heap before GC invocations=21 (full 0):
 garbage-first heap   total 140288K, used 111981K [0x0000000085800000, 0x0000000100000000)
  region size 1024K, 61 young (62464K), 9 survivors (9216K)
 Metaspace       used 77710K, committed 78272K, reserved 1179648K
  class space    used 10765K, committed 11008K, reserved 1048576K
}
Event: 14.736 GC heap after
{Heap after GC invocations=22 (full 0):
 garbage-first heap   total 169984K, used 78712K [0x0000000085800000, 0x0000000100000000)
  region size 1024K, 8 young (8192K), 8 survivors (8192K)
 Metaspace       used 77710K, committed 78272K, reserved 1179648K
  class space    used 10765K, committed 11008K, reserved 1048576K
}
Event: 14.831 GC heap before
{Heap before GC invocations=22 (full 0):
 garbage-first heap   total 169984K, used 126840K [0x0000000085800000, 0x0000000100000000)
  region size 1024K, 53 young (54272K), 8 survivors (8192K)
 Metaspace       used 77710K, committed 78272K, reserved 1179648K
  class space    used 10765K, committed 11008K, reserved 1048576K
}
Event: 14.862 GC heap after
{Heap after GC invocations=23 (full 0):
 garbage-first heap   total 169984K, used 99283K [0x0000000085800000, 0x0000000100000000)
  region size 1024K, 7 young (7168K), 7 survivors (7168K)
 Metaspace       used 77710K, committed 78272K, reserved 1179648K
  class space    used 10765K, committed 11008K, reserved 1048576K
}
Event: 14.908 GC heap before
{Heap before GC invocations=23 (full 0):
 garbage-first heap   total 169984K, used 128979K [0x0000000085800000, 0x0000000100000000)
  region size 1024K, 36 young (36864K), 7 survivors (7168K)
 Metaspace       used 77710K, committed 78272K, reserved 1179648K
  class space    used 10765K, committed 11008K, reserved 1048576K
}
Event: 14.928 GC heap after
{Heap after GC invocations=24 (full 0):
 garbage-first heap   total 169984K, used 108499K [0x0000000085800000, 0x0000000100000000)
  region size 1024K, 5 young (5120K), 5 survivors (5120K)
 Metaspace       used 77710K, committed 78272K, reserved 1179648K
  class space    used 10765K, committed 11008K, reserved 1048576K
}
Event: 14.978 GC heap before
{Heap before GC invocations=24 (full 0):
 garbage-first heap   total 169984K, used 132051K [0x0000000085800000, 0x0000000100000000)
  region size 1024K, 28 young (28672K), 5 survivors (5120K)
 Metaspace       used 77710K, committed 78272K, reserved 1179648K
  class space    used 10765K, committed 11008K, reserved 1048576K
}
Event: 14.998 GC heap after
{Heap after GC invocations=25 (full 0):
 garbage-first heap   total 169984K, used 118227K [0x0000000085800000, 0x0000000100000000)
  region size 1024K, 4 young (4096K), 4 survivors (4096K)
 Metaspace       used 77710K, committed 78272K, reserved 1179648K
  class space    used 10765K, committed 11008K, reserved 1048576K
}
Event: 15.042 GC heap before
{Heap before GC invocations=26 (full 0):
 garbage-first heap   total 196608K, used 131539K [0x0000000085800000, 0x0000000100000000)
  region size 1024K, 21 young (21504K), 4 survivors (4096K)
 Metaspace       used 77710K, committed 78272K, reserved 1179648K
  class space    used 10765K, committed 11008K, reserved 1048576K
}
Event: 15.058 GC heap after
{Heap after GC invocations=27 (full 0):
 garbage-first heap   total 196608K, used 121811K [0x0000000085800000, 0x0000000100000000)
  region size 1024K, 3 young (3072K), 3 survivors (3072K)
 Metaspace       used 77710K, committed 78272K, reserved 1179648K
  class space    used 10765K, committed 11008K, reserved 1048576K
}
Event: 15.066 GC heap before
{Heap before GC invocations=27 (full 0):
 garbage-first heap   total 196608K, used 127955K [0x0000000085800000, 0x0000000100000000)
  region size 1024K, 9 young (9216K), 3 survivors (3072K)
 Metaspace       used 77710K, committed 78272K, reserved 1179648K
  class space    used 10765K, committed 11008K, reserved 1048576K
}

