# JRE version: OpenJDK Runtime Environment Microsoft-12574423 (17.0.17+10) (build 17.0.17+10-LTS)
# Java VM: OpenJDK 64-Bit Server VM Microsoft-12574423 (17.0.17+10-LTS, mixed mode, emulated-client, sharing, tiered, compressed oops, compressed class ptrs, g1 gc, windows-amd64)
GC Precious Log:
 CPUs: 12 total, 12 available
 Memory: 7835M
 Large Page Support: Disabled
 NUMA Support: Disabled
 Compressed Oops: Enabled (32-bit)
 Heap Region Size: 1M
 Heap Min Capacity: 8M
 Heap Initial Capacity: 124M
 Heap Max Capacity: 1960M
 Pre-touch: Disabled
 Parallel Workers: 10
 Concurrent Workers: 3
 Concurrent Refinement Workers: 10
 Periodic GC: Disabled
Heap:
 garbage-first heap   total 167936K, used 103424K [0x0000000085800000, 0x0000000100000000)
  region size 1024K, 4 young (4096K), 4 survivors (4096K)
 Metaspace       used 72408K, committed 73088K, reserved 1114112K
  class space    used 10695K, committed 11008K, reserved 1048576K
GC Heap History (20 events):
Event: 5.219 GC heap after
{Heap after GC invocations=15 (full 0):
 garbage-first heap   total 118784K, used 44726K [0x0000000085800000, 0x0000000100000000)
  region size 1024K, 3 young (3072K), 3 survivors (3072K)
 Metaspace       used 59869K, committed 60416K, reserved 1114112K
  class space    used 8622K, committed 8896K, reserved 1048576K
}
Event: 5.776 GC heap before
{Heap before GC invocations=16 (full 0):
 garbage-first heap   total 118784K, used 94902K [0x0000000085800000, 0x0000000100000000)
  region size 1024K, 52 young (53248K), 3 survivors (3072K)
 Metaspace       used 66795K, committed 67392K, reserved 1114112K
  class space    used 9745K, committed 10048K, reserved 1048576K
}
Event: 5.781 GC heap after
{Heap after GC invocations=17 (full 0):
 garbage-first heap   total 118784K, used 49262K [0x0000000085800000, 0x0000000100000000)
  region size 1024K, 7 young (7168K), 7 survivors (7168K)
 Metaspace       used 66795K, committed 67392K, reserved 1114112K
  class space    used 9745K, committed 10048K, reserved 1048576K
}
Event: 5.949 GC heap before
{Heap before GC invocations=17 (full 0):
 garbage-first heap   total 118784K, used 95342K [0x0000000085800000, 0x0000000100000000)
  region size 1024K, 52 young (53248K), 7 survivors (7168K)
 Metaspace       used 69839K, committed 70464K, reserved 1114112K
  class space    used 10302K, committed 10624K, reserved 1048576K
}
Event: 5.960 GC heap after
{Heap after GC invocations=18 (full 0):
 garbage-first heap   total 118784K, used 54250K [0x0000000085800000, 0x0000000100000000)
  region size 1024K, 6 young (6144K), 6 survivors (6144K)
 Metaspace       used 69839K, committed 70464K, reserved 1114112K
  class space    used 10302K, committed 10624K, reserved 1048576K
}
Event: 6.061 GC heap before
{Heap before GC invocations=18 (full 0):
 garbage-first heap   total 118784K, used 94186K [0x0000000085800000, 0x0000000100000000)
  region size 1024K, 45 young (46080K), 6 survivors (6144K)
 Metaspace       used 70314K, committed 70976K, reserved 1114112K
  class space    used 10376K, committed 10688K, reserved 1048576K
}
Event: 6.065 GC heap after
{Heap after GC invocations=19 (full 0):
 garbage-first heap   total 118784K, used 52456K [0x0000000085800000, 0x0000000100000000)
  region size 1024K, 2 young (2048K), 2 survivors (2048K)
 Metaspace       used 70314K, committed 70976K, reserved 1114112K
  class space    used 10376K, committed 10688K, reserved 1048576K
}
Event: 6.329 GC heap before
{Heap before GC invocations=19 (full 0):
 garbage-first heap   total 118784K, used 95464K [0x0000000085800000, 0x0000000100000000)
  region size 1024K, 44 young (45056K), 2 survivors (2048K)
 Metaspace       used 72386K, committed 73024K, reserved 1114112K
  class space    used 10690K, committed 11008K, reserved 1048576K
}
Event: 6.332 GC heap after
{Heap after GC invocations=20 (full 0):
 garbage-first heap   total 118784K, used 53846K [0x0000000085800000, 0x0000000100000000)
  region size 1024K, 3 young (3072K), 3 survivors (3072K)
 Metaspace       used 72386K, committed 73024K, reserved 1114112K
  class space    used 10690K, committed 11008K, reserved 1048576K
}
Event: 6.413 GC heap before
{Heap before GC invocations=20 (full 0):
 garbage-first heap   total 118784K, used 95830K [0x0000000085800000, 0x0000000100000000)
  region size 1024K, 44 young (45056K), 3 survivors (3072K)
 Metaspace       used 72411K, committed 73088K, reserved 1114112K
  class space    used 10695K, committed 11008K, reserved 1048576K
}
Event: 6.419 GC heap after
{Heap after GC invocations=21 (full 0):
 garbage-first heap   total 153600K, used 60061K [0x0000000085800000, 0x0000000100000000)
  region size 1024K, 6 young (6144K), 6 survivors (6144K)
 Metaspace       used 72411K, committed 73088K, reserved 1114112K
  class space    used 10695K, committed 11008K, reserved 1048576K
}
Event: 6.556 GC heap before
{Heap before GC invocations=21 (full 0):
 garbage-first heap   total 153600K, used 119453K [0x0000000085800000, 0x0000000100000000)
  region size 1024K, 64 young (65536K), 6 survivors (6144K)
 Metaspace       used 72411K, committed 73088K, reserved 1114112K
  class space    used 10695K, committed 11008K, reserved 1048576K
}
Event: 6.575 GC heap after
{Heap after GC invocations=22 (full 0):
 garbage-first heap   total 153600K, used 81274K [0x0000000085800000, 0x0000000100000000)
  region size 1024K, 8 young (8192K), 8 survivors (8192K)
 Metaspace       used 72411K, committed 73088K, reserved 1114112K
  class space    used 10695K, committed 11008K, reserved 1048576K
}
Event: 6.581 GC heap before
{Heap before GC invocations=22 (full 0):
 garbage-first heap   total 153600K, used 82298K [0x0000000085800000, 0x0000000100000000)
  region size 1024K, 10 young (10240K), 8 survivors (8192K)
 Metaspace       used 72411K, committed 73088K, reserved 1114112K
  class space    used 10695K, committed 11008K, reserved 1048576K
}
Event: 6.588 GC heap after
{Heap after GC invocations=23 (full 0):
 garbage-first heap   total 153600K, used 84407K [0x0000000085800000, 0x0000000100000000)
  region size 1024K, 2 young (2048K), 2 survivors (2048K)
 Metaspace       used 72411K, committed 73088K, reserved 1114112K
  class space    used 10695K, committed 11008K, reserved 1048576K
}
Event: 6.762 GC heap before
{Heap before GC invocations=24 (full 0):
 garbage-first heap   total 167936K, used 114103K [0x0000000085800000, 0x0000000100000000)
  region size 1024K, 30 young (30720K), 2 survivors (2048K)
 Metaspace       used 72408K, committed 73088K, reserved 1114112K
  class space    used 10695K, committed 11008K, reserved 1048576K
}
Event: 6.778 GC heap after
{Heap after GC invocations=25 (full 0):
 garbage-first heap   total 167936K, used 96586K [0x0000000085800000, 0x0000000100000000)
  region size 1024K, 4 young (4096K), 4 survivors (4096K)
 Metaspace       used 72408K, committed 73088K, reserved 1114112K
  class space    used 10695K, committed 11008K, reserved 1048576K
}
Event: 6.811 GC heap before
{Heap before GC invocations=25 (full 0):
 garbage-first heap   total 167936K, used 100682K [0x0000000085800000, 0x0000000100000000)
  region size 1024K, 8 young (8192K), 4 survivors (4096K)
 Metaspace       used 72408K, committed 73088K, reserved 1114112K
  class space    used 10695K, committed 11008K, reserved 1048576K
}
Event: 6.828 GC heap after
{Heap after GC invocations=26 (full 0):
 garbage-first heap   total 167936K, used 98967K [0x0000000085800000, 0x0000000100000000)
  region size 1024K, 1 young (1024K), 1 survivors (1024K)
 Metaspace       used 72408K, committed 73088K, reserved 1114112K
  class space    used 10695K, committed 11008K, reserved 1048576K
}
Event: 6.885 GC heap before
{Heap before GC invocations=26 (full 0):
 garbage-first heap   total 167936K, used 108183K [0x0000000085800000, 0x0000000100000000)
  region size 1024K, 11 young (11264K), 1 survivors (1024K)
 Metaspace       used 72408K, committed 73088K, reserved 1114112K
  class space    used 10695K, committed 11008K, reserved 1048576K
}

