# JRE version: OpenJDK Runtime Environment Microsoft-13106358 (17.0.18+8) (build 17.0.18+8-LTS)
# Java VM: OpenJDK 64-Bit Server VM Microsoft-13106358 (17.0.18+8-LTS, mixed mode, emulated-client, sharing, tiered, compressed oops, compressed class ptrs, g1 gc, windows-amd64)
GC Precious Log:
 CPUs: 12 total, 12 available
 Memory: 7835M
 Large Page Support: Disabled
 NUMA Support: Disabled
 Compressed Oops: Enabled (32-bit)
 Heap Region Size: 1M
 Heap Min Capacity: 8M
 Heap Initial Capacity: 124M
 Heap Max Capacity: 1960M
 Pre-touch: Disabled
 Parallel Workers: 10
 Concurrent Workers: 3
 Concurrent Refinement Workers: 10
 Periodic GC: Disabled
Heap:
 garbage-first heap   total 145408K, used 88782K [0x0000000085800000, 0x0000000100000000)
  region size 1024K, 4 young (4096K), 4 survivors (4096K)
 Metaspace       used 72890K, committed 73472K, reserved 1114112K
  class space    used 10941K, committed 11200K, reserved 1048576K
GC Heap History (20 events):
Event: 13.809 GC heap after
{Heap after GC invocations=15 (full 0):
 garbage-first heap   total 81920K, used 30546K [0x0000000085800000, 0x0000000100000000)
  region size 1024K, 2 young (2048K), 2 survivors (2048K)
 Metaspace       used 59779K, committed 60288K, reserved 1114112K
  class space    used 8703K, committed 8960K, reserved 1048576K
}
Event: 15.380 GC heap before
{Heap before GC invocations=16 (full 0):
 garbage-first heap   total 81920K, used 66386K [0x0000000085800000, 0x0000000100000000)
  region size 1024K, 37 young (37888K), 2 survivors (2048K)
 Metaspace       used 64040K, committed 64576K, reserved 1114112K
  class space    used 9361K, committed 9600K, reserved 1048576K
}
Event: 15.387 GC heap after
{Heap after GC invocations=17 (full 0):
 garbage-first heap   total 81920K, used 34242K [0x0000000085800000, 0x0000000100000000)
  region size 1024K, 5 young (5120K), 5 survivors (5120K)
 Metaspace       used 64040K, committed 64576K, reserved 1114112K
  class space    used 9361K, committed 9600K, reserved 1048576K
}
Event: 15.972 GC heap before
{Heap before GC invocations=17 (full 0):
 garbage-first heap   total 81920K, used 65986K [0x0000000085800000, 0x0000000100000000)
  region size 1024K, 36 young (36864K), 5 survivors (5120K)
 Metaspace       used 68112K, committed 68672K, reserved 1114112K
  class space    used 10055K, committed 10304K, reserved 1048576K
}
Event: 15.977 GC heap after
{Heap after GC invocations=18 (full 0):
 garbage-first heap   total 81920K, used 36479K [0x0000000085800000, 0x0000000100000000)
  region size 1024K, 3 young (3072K), 3 survivors (3072K)
 Metaspace       used 68112K, committed 68672K, reserved 1114112K
  class space    used 10055K, committed 10304K, reserved 1048576K
}
Event: 16.481 GC heap before
{Heap before GC invocations=18 (full 0):
 garbage-first heap   total 81920K, used 64127K [0x0000000085800000, 0x0000000100000000)
  region size 1024K, 31 young (31744K), 3 survivors (3072K)
 Metaspace       used 72306K, committed 72896K, reserved 1114112K
  class space    used 10851K, committed 11136K, reserved 1048576K
}
Event: 16.486 GC heap after
{Heap after GC invocations=19 (full 0):
 garbage-first heap   total 81920K, used 37854K [0x0000000085800000, 0x0000000100000000)
  region size 1024K, 4 young (4096K), 4 survivors (4096K)
 Metaspace       used 72306K, committed 72896K, reserved 1114112K
  class space    used 10851K, committed 11136K, reserved 1048576K
}
Event: 16.792 GC heap before
{Heap before GC invocations=19 (full 0):
 garbage-first heap   total 81920K, used 66526K [0x0000000085800000, 0x0000000100000000)
  region size 1024K, 32 young (32768K), 4 survivors (4096K)
 Metaspace       used 72797K, committed 73344K, reserved 1114112K
  class space    used 10930K, committed 11200K, reserved 1048576K
}
Event: 16.796 GC heap after
{Heap after GC invocations=20 (full 0):
 garbage-first heap   total 81920K, used 39324K [0x0000000085800000, 0x0000000100000000)
  region size 1024K, 4 young (4096K), 4 survivors (4096K)
 Metaspace       used 72797K, committed 73344K, reserved 1114112K
  class space    used 10930K, committed 11200K, reserved 1048576K
}
Event: 16.913 GC heap before
{Heap before GC invocations=20 (full 0):
 garbage-first heap   total 81920K, used 65948K [0x0000000085800000, 0x0000000100000000)
  region size 1024K, 30 young (30720K), 4 survivors (4096K)
 Metaspace       used 72874K, committed 73408K, reserved 1114112K
  class space    used 10937K, committed 11200K, reserved 1048576K
}
Event: 16.917 GC heap after
{Heap after GC invocations=21 (full 0):
 garbage-first heap   total 119808K, used 40709K [0x0000000085800000, 0x0000000100000000)
  region size 1024K, 3 young (3072K), 3 survivors (3072K)
 Metaspace       used 72874K, committed 73408K, reserved 1114112K
  class space    used 10937K, committed 11200K, reserved 1048576K
}
Event: 17.106 GC heap before
{Heap before GC invocations=21 (full 0):
 garbage-first heap   total 119808K, used 96005K [0x0000000085800000, 0x0000000100000000)
  region size 1024K, 57 young (58368K), 3 survivors (3072K)
 Metaspace       used 72890K, committed 73472K, reserved 1114112K
  class space    used 10941K, committed 11200K, reserved 1048576K
}
Event: 17.114 GC heap after
{Heap after GC invocations=22 (full 0):
 garbage-first heap   total 119808K, used 47992K [0x0000000085800000, 0x0000000100000000)
  region size 1024K, 8 young (8192K), 8 survivors (8192K)
 Metaspace       used 72890K, committed 73472K, reserved 1114112K
  class space    used 10941K, committed 11200K, reserved 1048576K
}
Event: 17.204 GC heap before
{Heap before GC invocations=22 (full 0):
 garbage-first heap   total 119808K, used 94072K [0x0000000085800000, 0x0000000100000000)
  region size 1024K, 52 young (53248K), 8 survivors (8192K)
 Metaspace       used 72890K, committed 73472K, reserved 1114112K
  class space    used 10941K, committed 11200K, reserved 1048576K
}
Event: 17.218 GC heap after
{Heap after GC invocations=23 (full 0):
 garbage-first heap   total 119808K, used 63017K [0x0000000085800000, 0x0000000100000000)
  region size 1024K, 7 young (7168K), 7 survivors (7168K)
 Metaspace       used 72890K, committed 73472K, reserved 1114112K
  class space    used 10941K, committed 11200K, reserved 1048576K
}
Event: 17.263 GC heap before
{Heap before GC invocations=23 (full 0):
 garbage-first heap   total 119808K, used 90665K [0x0000000085800000, 0x0000000100000000)
  region size 1024K, 34 young (34816K), 7 survivors (7168K)
 Metaspace       used 72890K, committed 73472K, reserved 1114112K
  class space    used 10941K, committed 11200K, reserved 1048576K
}
Event: 17.275 GC heap after
{Heap after GC invocations=24 (full 0):
 garbage-first heap   total 119808K, used 73573K [0x0000000085800000, 0x0000000100000000)
  region size 1024K, 5 young (5120K), 5 survivors (5120K)
 Metaspace       used 72890K, committed 73472K, reserved 1114112K
  class space    used 10941K, committed 11200K, reserved 1048576K
}
Event: 17.339 GC heap before
{Heap before GC invocations=25 (full 0):
 garbage-first heap   total 145408K, used 95077K [0x0000000085800000, 0x0000000100000000)
  region size 1024K, 24 young (24576K), 5 survivors (5120K)
 Metaspace       used 72890K, committed 73472K, reserved 1114112K
  class space    used 10941K, committed 11200K, reserved 1048576K
}
Event: 17.348 GC heap after
{Heap after GC invocations=26 (full 0):
 garbage-first heap   total 145408K, used 81182K [0x0000000085800000, 0x0000000100000000)
  region size 1024K, 3 young (3072K), 3 survivors (3072K)
 Metaspace       used 72890K, committed 73472K, reserved 1114112K
  class space    used 10941K, committed 11200K, reserved 1048576K
}
Event: 17.395 GC heap before
{Heap before GC invocations=26 (full 0):
 garbage-first heap   total 145408K, used 108830K [0x0000000085800000, 0x0000000100000000)
  region size 1024K, 30 young (30720K), 3 survivors (3072K)
 Metaspace       used 72890K, committed 73472K, reserved 1114112K
  class space    used 10941K, committed 11200K, reserved 1048576K
}

