# JRE version: OpenJDK Runtime Environment Microsoft-13106358 (17.0.18+8) (build 17.0.18+8-LTS)
# Java VM: OpenJDK 64-Bit Server VM Microsoft-13106358 (17.0.18+8-LTS, mixed mode, emulated-client, sharing, tiered, compressed oops, compressed class ptrs, g1 gc, windows-amd64)
GC Precious Log:
 CPUs: 12 total, 12 available
 Memory: 7835M
 Large Page Support: Disabled
 NUMA Support: Disabled
 Compressed Oops: Enabled (32-bit)
 Heap Region Size: 1M
 Heap Min Capacity: 8M
 Heap Initial Capacity: 124M
 Heap Max Capacity: 1960M
 Pre-touch: Disabled
 Parallel Workers: 10
 Concurrent Workers: 3
 Concurrent Refinement Workers: 10
 Periodic GC: Disabled
Heap:
 garbage-first heap   total 193536K, used 88086K [0x0000000085800000, 0x0000000100000000)
  region size 1024K, 3 young (3072K), 3 survivors (3072K)
 Metaspace       used 73344K, committed 73920K, reserved 1114112K
  class space    used 11096K, committed 11392K, reserved 1048576K
GC Heap History (20 events):
Event: 13.649 GC heap after
{Heap after GC invocations=20 (full 0):
 garbage-first heap   total 122880K, used 43705K [0x0000000085800000, 0x0000000100000000)
  region size 1024K, 8 young (8192K), 8 survivors (8192K)
 Metaspace       used 72888K, committed 73408K, reserved 1114112K
  class space    used 10947K, committed 11200K, reserved 1048576K
}
Event: 13.766 GC heap before
{Heap before GC invocations=20 (full 0):
 garbage-first heap   total 122880K, used 95929K [0x0000000085800000, 0x0000000100000000)
  region size 1024K, 59 young (60416K), 8 survivors (8192K)
 Metaspace       used 72888K, committed 73408K, reserved 1114112K
  class space    used 10947K, committed 11200K, reserved 1048576K
}
Event: 13.775 GC heap after
{Heap after GC invocations=21 (full 0):
 garbage-first heap   total 122880K, used 51972K [0x0000000085800000, 0x0000000100000000)
  region size 1024K, 8 young (8192K), 8 survivors (8192K)
 Metaspace       used 72888K, committed 73408K, reserved 1114112K
  class space    used 10947K, committed 11200K, reserved 1048576K
}
Event: 13.879 GC heap before
{Heap before GC invocations=21 (full 0):
 garbage-first heap   total 122880K, used 96004K [0x0000000085800000, 0x0000000100000000)
  region size 1024K, 51 young (52224K), 8 survivors (8192K)
 Metaspace       used 72896K, committed 73472K, reserved 1114112K
  class space    used 10948K, committed 11200K, reserved 1048576K
}
Event: 13.887 GC heap after
{Heap after GC invocations=22 (full 0):
 garbage-first heap   total 122880K, used 58101K [0x0000000085800000, 0x0000000100000000)
  region size 1024K, 6 young (6144K), 6 survivors (6144K)
 Metaspace       used 72896K, committed 73472K, reserved 1114112K
  class space    used 10948K, committed 11200K, reserved 1048576K
}
Event: 13.991 GC heap before
{Heap before GC invocations=22 (full 0):
 garbage-first heap   total 122880K, used 97013K [0x0000000085800000, 0x0000000100000000)
  region size 1024K, 44 young (45056K), 6 survivors (6144K)
 Metaspace       used 73156K, committed 73664K, reserved 1114112K
  class space    used 11091K, committed 11328K, reserved 1048576K
}
Event: 13.997 GC heap after
{Heap after GC invocations=23 (full 0):
 garbage-first heap   total 122880K, used 58742K [0x0000000085800000, 0x0000000100000000)
  region size 1024K, 3 young (3072K), 3 survivors (3072K)
 Metaspace       used 73156K, committed 73664K, reserved 1114112K
  class space    used 11091K, committed 11328K, reserved 1048576K
}
Event: 14.079 GC heap before
{Heap before GC invocations=23 (full 0):
 garbage-first heap   total 122880K, used 97654K [0x0000000085800000, 0x0000000100000000)
  region size 1024K, 41 young (41984K), 3 survivors (3072K)
 Metaspace       used 73156K, committed 73664K, reserved 1114112K
  class space    used 11091K, committed 11328K, reserved 1048576K
}
Event: 14.090 GC heap after
{Heap after GC invocations=24 (full 0):
 garbage-first heap   total 193536K, used 71493K [0x0000000085800000, 0x0000000100000000)
  region size 1024K, 6 young (6144K), 6 survivors (6144K)
 Metaspace       used 73156K, committed 73664K, reserved 1114112K
  class space    used 11091K, committed 11328K, reserved 1048576K
}
Event: 14.293 GC heap before
{Heap before GC invocations=25 (full 0):
 garbage-first heap   total 193536K, used 138053K [0x0000000085800000, 0x0000000100000000)
  region size 1024K, 69 young (70656K), 6 survivors (6144K)
 Metaspace       used 73156K, committed 73664K, reserved 1114112K
  class space    used 11091K, committed 11328K, reserved 1048576K
}
Event: 14.313 GC heap after
{Heap after GC invocations=26 (full 0):
 garbage-first heap   total 193536K, used 94407K [0x0000000085800000, 0x0000000100000000)
  region size 1024K, 9 young (9216K), 9 survivors (9216K)
 Metaspace       used 73156K, committed 73664K, reserved 1114112K
  class space    used 11091K, committed 11328K, reserved 1048576K
}
Event: 14.319 GC heap before
{Heap before GC invocations=26 (full 0):
 garbage-first heap   total 193536K, used 95431K [0x0000000085800000, 0x0000000100000000)
  region size 1024K, 10 young (10240K), 9 survivors (9216K)
 Metaspace       used 73156K, committed 73664K, reserved 1114112K
  class space    used 11091K, committed 11328K, reserved 1048576K
}
Event: 14.328 GC heap after
{Heap after GC invocations=27 (full 0):
 garbage-first heap   total 193536K, used 90069K [0x0000000085800000, 0x0000000100000000)
  region size 1024K, 1 young (1024K), 1 survivors (1024K)
 Metaspace       used 73156K, committed 73664K, reserved 1114112K
  class space    used 11091K, committed 11328K, reserved 1048576K
}
Event: 14.443 GC heap before
{Heap before GC invocations=27 (full 0):
 garbage-first heap   total 193536K, used 139221K [0x0000000085800000, 0x0000000100000000)
  region size 1024K, 49 young (50176K), 1 survivors (1024K)
 Metaspace       used 73156K, committed 73664K, reserved 1114112K
  class space    used 11091K, committed 11328K, reserved 1048576K
}
Event: 14.446 GC heap after
{Heap after GC invocations=28 (full 0):
 garbage-first heap   total 193536K, used 90943K [0x0000000085800000, 0x0000000100000000)
  region size 1024K, 2 young (2048K), 2 survivors (2048K)
 Metaspace       used 73156K, committed 73664K, reserved 1114112K
  class space    used 11091K, committed 11328K, reserved 1048576K
}
Event: 14.603 GC heap before
{Heap before GC invocations=29 (full 0):
 garbage-first heap   total 193536K, used 141119K [0x0000000085800000, 0x0000000100000000)
  region size 1024K, 54 young (55296K), 2 survivors (2048K)
 Metaspace       used 73156K, committed 73664K, reserved 1114112K
  class space    used 11091K, committed 11328K, reserved 1048576K
}
Event: 14.607 GC heap after
{Heap after GC invocations=30 (full 0):
 garbage-first heap   total 193536K, used 88583K [0x0000000085800000, 0x0000000100000000)
  region size 1024K, 3 young (3072K), 3 survivors (3072K)
 Metaspace       used 73156K, committed 73664K, reserved 1114112K
  class space    used 11091K, committed 11328K, reserved 1048576K
}
Event: 14.673 GC heap before
{Heap before GC invocations=30 (full 0):
 garbage-first heap   total 193536K, used 94727K [0x0000000085800000, 0x0000000100000000)
  region size 1024K, 9 young (9216K), 3 survivors (3072K)
 Metaspace       used 73188K, committed 73792K, reserved 1114112K
  class space    used 11092K, committed 11392K, reserved 1048576K
}
Event: 14.676 GC heap after
{Heap after GC invocations=31 (full 0):
 garbage-first heap   total 193536K, used 86391K [0x0000000085800000, 0x0000000100000000)
  region size 1024K, 1 young (1024K), 1 survivors (1024K)
 Metaspace       used 73188K, committed 73792K, reserved 1114112K
  class space    used 11092K, committed 11392K, reserved 1048576K
}
Event: 14.946 GC heap before
{Heap before GC invocations=31 (full 0):
 garbage-first heap   total 193536K, used 146807K [0x0000000085800000, 0x0000000100000000)
  region size 1024K, 60 young (61440K), 1 survivors (1024K)
 Metaspace       used 73344K, committed 73920K, reserved 1114112K
  class space    used 11096K, committed 11392K, reserved 1048576K
}

